<?xml version="1.0" encoding="UTF-8"?>
<testng-results skipped="0" failed="0" total="0" passed="0">
  <reporter-output>
  </reporter-output>
  <suite name="run.TestIshanRunner" duration-ms="1" started-at="2019-07-25T08:40:36Z" finished-at="2019-07-25T08:40:36Z">
    <groups>
    </groups>
    <test name="Command line test" duration-ms="1" started-at="2019-07-25T08:40:36Z" finished-at="2019-07-25T08:40:36Z">
    </test> <!-- Command line test -->
  </suite> <!-- run.TestIshanRunner -->
</testng-results>
